Using pre-set license
Built from '2021.3/staging' branch; Version is '2021.3.21f1 (1b156197d683) revision 1774945'; Using compiler version '192829333'; Build Type 'Release'
OS: 'Windows 10  (10.0.19045) 64bit Professional' Language: 'ru' Physical Memory: 16275 MB
BatchMode: 1, IsHumanControllingUs: 0, StartBugReporterOnCrash: 0, Is64bit: 1, IsPro: 1

COMMAND LINE ARGUMENTS:
E:\Programms\2021.3.21f1\Editor\Unity.exe
-adb2
-batchMode
-noUpm
-name
AssetImportWorker0
-projectPath
E:/Unity_Projects/Repository-Game_BrackeysGameJam2023.2/Game_BrackeysGameJam2023.2
-logFile
Logs/AssetImportWorker0.log
-srvPort
57130
Successfully changed project path to: E:/Unity_Projects/Repository-Game_BrackeysGameJam2023.2/Game_BrackeysGameJam2023.2
E:/Unity_Projects/Repository-Game_BrackeysGameJam2023.2/Game_BrackeysGameJam2023.2
[UnityMemory] Configuration Parameters - Can be set up in boot.config
    "memorysetup-bucket-allocator-granularity=16"
    "memorysetup-bucket-allocator-bucket-count=8"
    "memorysetup-bucket-allocator-block-size=33554432"
    "memorysetup-bucket-allocator-block-count=8"
    "memorysetup-main-allocator-block-size=16777216"
    "memorysetup-thread-allocator-block-size=16777216"
    "memorysetup-gfx-main-allocator-block-size=16777216"
    "memorysetup-gfx-thread-allocator-block-size=16777216"
    "memorysetup-cache-allocator-block-size=4194304"
    "memorysetup-typetree-allocator-block-size=2097152"
    "memorysetup-profiler-bucket-allocator-granularity=16"
    "memorysetup-profiler-bucket-allocator-bucket-count=8"
    "memorysetup-profiler-bucket-allocator-block-size=33554432"
    "memorysetup-profiler-bucket-allocator-block-count=8"
    "memorysetup-profiler-allocator-block-size=16777216"
    "memorysetup-profiler-editor-allocator-block-size=1048576"
    "memorysetup-temp-allocator-size-main=16777216"
    "memorysetup-job-temp-allocator-block-size=2097152"
    "memorysetup-job-temp-allocator-block-size-background=1048576"
    "memorysetup-job-temp-allocator-reduction-small-platforms=262144"
    "memorysetup-temp-allocator-size-background-worker=32768"
    "memorysetup-temp-allocator-size-job-worker=262144"
    "memorysetup-temp-allocator-size-preload-manager=33554432"
    "memorysetup-temp-allocator-size-nav-mesh-worker=65536"
    "memorysetup-temp-allocator-size-audio-worker=65536"
    "memorysetup-temp-allocator-size-cloud-worker=32768"
    "memorysetup-temp-allocator-size-gi-baking-worker=262144"
    "memorysetup-temp-allocator-size-gfx=262144"
Player connection [11256] Host "[IP] 192.168.1.48 [Port] 0 [Flags] 2 [Guid] 3284166302 [EditorId] 3284166302 [Version] 1048832 [Id] WindowsEditor(7,DESKTOP-D0KS969) [Debug] 1 [PackageName] WindowsEditor [ProjectName] Editor" joined multi-casting on [225.0.0.222:54997]...

Player connection [11256] Host "[IP] 192.168.1.48 [Port] 0 [Flags] 2 [Guid] 3284166302 [EditorId] 3284166302 [Version] 1048832 [Id] WindowsEditor(7,DESKTOP-D0KS969) [Debug] 1 [PackageName] WindowsEditor [ProjectName] Editor" joined alternative multi-casting on [225.0.0.222:34997]...

Refreshing native plugins compatible for Editor in 255.36 ms, found 3 plugins.
Preloading 0 native plugins for Editor in 0.00 ms.
Initialize engine version: 2021.3.21f1 (1b156197d683)
[Subsystems] Discovering subsystems at path E:/Programms/2021.3.21f1/Editor/Data/Resources/UnitySubsystems
[Subsystems] Discovering subsystems at path E:/Unity_Projects/Repository-Game_BrackeysGameJam2023.2/Game_BrackeysGameJam2023.2/Assets
GfxDevice: creating device client; threaded=0; jobified=0
Direct3D:
    Version:  Direct3D 11.0 [level 11.0]
    Renderer: Intel(R) HD Graphics 4000 (ID=0x166)
    Vendor:   Intel
    VRAM:     128 MB
    Driver:   10.18.10.5161
Initialize mono
Mono path[0] = 'E:/Programms/2021.3.21f1/Editor/Data/Managed'
Mono path[1] = 'E:/Programms/2021.3.21f1/Editor/Data/MonoBleedingEdge/lib/mono/unityjit-win32'
Mono config path = 'E:/Programms/2021.3.21f1/Editor/Data/MonoBleedingEdge/etc'
Using monoOptions --debugger-agent=transport=dt_socket,embedding=1,server=y,suspend=n,address=127.0.0.1:56132
Begin MonoManager ReloadAssembly
Registering precompiled unity dll's ...
Register platform support module: E:/Programms/2021.3.21f1/Editor/Data/PlaybackEngines/WebGLSupport/UnityEditor.WebGL.Extensions.dll
Register platform support module: E:/Programms/2021.3.21f1/Editor/Data/PlaybackEngines/MacStandaloneSupport/UnityEditor.OSXStandalone.Extensions.dll
Register platform support module: E:/Programms/2021.3.21f1/Editor/Data/PlaybackEngines/AndroidPlayer/UnityEditor.Android.Extensions.dll
Register platform support module: E:/Programms/2021.3.21f1/Editor/Data/PlaybackEngines/iOSSupport/UnityEditor.iOS.Extensions.dll
Register platform support module: E:/Programms/2021.3.21f1/Editor/Data/PlaybackEngines/WindowsStandaloneSupport/UnityEditor.WindowsStandalone.Extensions.dll
Registered in 0.012462 seconds.
Native extension for WindowsStandalone target not found
[usbmuxd] Start listen thread
[usbmuxd] Listen thread started
Native extension for iOS target not found
Native extension for Android target not found
Android Extension - Scanning For ADB Devices 521 ms
Native extension for OSXStandalone target not found
Native extension for WebGL target not found
Refreshing native plugins compatible for Editor in 259.61 ms, found 3 plugins.
Preloading 0 native plugins for Editor in 0.00 ms.
Mono: successfully reloaded assembly
- Completed reload, in  2.342 seconds
Domain Reload Profiling:
	ReloadAssembly (2344ms)
		BeginReloadAssembly (195ms)
			ExecutionOrderSort (0ms)
			DisableScriptedObjects (0ms)
			BackupInstance (0ms)
			ReleaseScriptingObjects (0ms)
			CreateAndSetChildDomain (2ms)
		EndReloadAssembly (1868ms)
			LoadAssemblies (196ms)
			RebuildTransferFunctionScriptingTraits (0ms)
			SetupTypeCache (280ms)
			ReleaseScriptCaches (0ms)
			RebuildScriptCaches (72ms)
			SetupLoadedEditorAssemblies (1387ms)
				LogAssemblyErrors (0ms)
				InitializePlatformSupportModulesInManaged (702ms)
				SetLoadedEditorAssemblies (0ms)
				RefreshPlugins (260ms)
				BeforeProcessingInitializeOnLoad (6ms)
				ProcessInitializeOnLoadAttributes (291ms)
				ProcessInitializeOnLoadMethodAttributes (128ms)
				AfterProcessingInitializeOnLoad (0ms)
				EditorAssembliesLoaded (0ms)
			ExecutionOrderSort2 (0ms)
			AwakeInstancesAfterBackupRestoration (0ms)
Platform modules already initialized, skipping
Registering precompiled user dll's ...
Registered in 0.014319 seconds.
Begin MonoManager ReloadAssembly
Symbol file LoadedFromMemory doesn't match image E:\Unity_Projects\Repository-Game_BrackeysGameJam2023.2\Game_BrackeysGameJam2023.2\Library\PackageCache\com.unity.visualscripting@1.8.0\Editor\VisualScripting.Core\Dependencies\YamlDotNet\Unity.VisualScripting.YamlDotNet.dll
Symbol file LoadedFromMemory doesn't match image E:\Unity_Projects\Repository-Game_BrackeysGameJam2023.2\Game_BrackeysGameJam2023.2\Library\PackageCache\com.unity.visualscripting@1.8.0\Editor\VisualScripting.Core\Dependencies\DotNetZip\Unity.VisualScripting.IonicZip.dll
Native extension for WindowsStandalone target not found
Native extension for iOS target not found
Native extension for Android target not found
Native extension for OSXStandalone target not found
Native extension for WebGL target not found
Refreshing native plugins compatible for Editor in 217.72 ms, found 3 plugins.
Preloading 0 native plugins for Editor in 0.00 ms.
Mono: successfully reloaded assembly
- Completed reload, in  2.779 seconds
Domain Reload Profiling:
	ReloadAssembly (2780ms)
		BeginReloadAssembly (202ms)
			ExecutionOrderSort (0ms)
			DisableScriptedObjects (10ms)
			BackupInstance (0ms)
			ReleaseScriptingObjects (0ms)
			CreateAndSetChildDomain (34ms)
		EndReloadAssembly (2349ms)
			LoadAssemblies (175ms)
			RebuildTransferFunctionScriptingTraits (0ms)
			SetupTypeCache (679ms)
			ReleaseScriptCaches (1ms)
			RebuildScriptCaches (165ms)
			SetupLoadedEditorAssemblies (1261ms)
				LogAssemblyErrors (0ms)
				InitializePlatformSupportModulesInManaged (44ms)
				SetLoadedEditorAssemblies (0ms)
				RefreshPlugins (218ms)
				BeforeProcessingInitializeOnLoad (186ms)
				ProcessInitializeOnLoadAttributes (500ms)
				ProcessInitializeOnLoadMethodAttributes (305ms)
				AfterProcessingInitializeOnLoad (8ms)
				EditorAssembliesLoaded (0ms)
			ExecutionOrderSort2 (0ms)
			AwakeInstancesAfterBackupRestoration (9ms)
Platform modules already initialized, skipping
========================================================================
Worker process is ready to serve import requests
Launched and connected shader compiler UnityShaderCompiler.exe after 0.06 seconds
D3D shader create error for vertex shader [0x80070057]
D3D shader create error for pixel shader [0x80070057]
D3D shader create error for vertex shader [0x80070057]
D3D shader create error for domain shader [0x80070057]
D3D shader create error for vertex shader [0x80070057]
D3D shader create error for vertex shader [0x80070057]
D3D shader create error for domain shader [0x80070057]
Refreshing native plugins compatible for Editor in 2.10 ms, found 3 plugins.
Preloading 0 native plugins for Editor in 0.00 ms.
Unloading 5924 Unused Serialized files (Serialized files now loaded: 0)
Unloading 51 unused Assets / (3.9 MB). Loaded Objects now: 6376.
Memory consumption went from 273.9 MB to 270.0 MB.
Total: 14.937500 ms (FindLiveObjects: 2.098600 ms CreateObjectMapping: 1.148800 ms MarkObjects: 7.634900 ms  DeleteObjects: 4.050700 ms)

AssetImportParameters requested are different than current active one (requested -> active):
  custom:video-decoder-ogg-theora: a1e56fd34408186e4bbccfd4996cb3dc -> 
  custom:container-muxer-webm: aa71ff27fc2769a1b78a27578f13a17b -> 
  custom:container-demuxer-webm: 4f35f7cbe854078d1ac9338744f61a02 -> 
  custom:video-encoder-webm-vp8: eb34c28f22e8b96e1ab97ce403110664 -> 
  custom:audio-encoder-webm-vorbis: bf7c407c2cedff20999df2af8eb42d56 -> 
  custom:framework-win-MediaFoundation: 216162199b28c13a410421893ffa2e32 -> 
  custom:container-demuxer-ogg: 62fdf1f143b41e24485cea50d1cbac27 -> 
  custom:video-decoder-webm-vp8: 9c59270c3fd7afecdb556c50c9e8de78 -> 
  custom:audio-decoder-ogg-vorbis: bf7c407c2cedff20999df2af8eb42d56 -> 
========================================================================
Received Import Request.
  Time since last request: 4265.866697 seconds.
  path: Assets/Readme.asset
  artifactKey: Guid(7f2c382dc2c22446db59030979f6e495) Importer(815301076,1909f56bfc062723c751e8b465ee728b)
Start importing Assets/Readme.asset using Guid(7f2c382dc2c22446db59030979f6e495) Importer(815301076,1909f56bfc062723c751e8b465ee728b)  -> (artifact id: '036119d27b878d5f211790f0ea84ffd2') in 0.221633 seconds 
========================================================================
Received Import Request.
  Time since last request: 207.783294 seconds.
  path: Assets/Materials
  artifactKey: Guid(6cdcbff46582f5444a364318f1f3cc26) Importer(815301076,1909f56bfc062723c751e8b465ee728b)
Start importing Assets/Materials using Guid(6cdcbff46582f5444a364318f1f3cc26) Importer(815301076,1909f56bfc062723c751e8b465ee728b)  -> (artifact id: 'cda284ac21bbe9bd96c17e8a19aa959d') in 0.014391 seconds 
========================================================================
Received Import Request.
  Time since last request: 2.791548 seconds.
  path: Assets
  artifactKey: Guid(00000000000000001000000000000000) Importer(815301076,1909f56bfc062723c751e8b465ee728b)
Start importing Assets using Guid(00000000000000001000000000000000) Importer(815301076,1909f56bfc062723c751e8b465ee728b)  -> (artifact id: '79842766b460edbeab6a34051e857a80') in 0.020967 seconds 
========================================================================
Received Import Request.
  Time since last request: 10.714507 seconds.
  path: Assets/Scene
  artifactKey: Guid(55684aa790efe7d4cae2bf0846d489a4) Importer(815301076,1909f56bfc062723c751e8b465ee728b)
Start importing Assets/Scene using Guid(55684aa790efe7d4cae2bf0846d489a4) Importer(815301076,1909f56bfc062723c751e8b465ee728b)  -> (artifact id: '9da94a9b7b4b20a7e91245958a2620d5') in 0.017436 seconds 
========================================================================
Received Import Request.
  Time since last request: 3.828166 seconds.
  path: Assets/Material
  artifactKey: Guid(6cdcbff46582f5444a364318f1f3cc26) Importer(815301076,1909f56bfc062723c751e8b465ee728b)
Start importing Assets/Material using Guid(6cdcbff46582f5444a364318f1f3cc26) Importer(815301076,1909f56bfc062723c751e8b465ee728b)  -> (artifact id: 'b805295935c6dfe6f41227fe7bdd0653') in 0.015482 seconds 
========================================================================
Received Import Request.
  Time since last request: 243.414802 seconds.
  path: Assets/Material/test.asset
  artifactKey: Guid(4d31c606e66ed524fa2629898158b626) Importer(815301076,1909f56bfc062723c751e8b465ee728b)
Start importing Assets/Material/test.asset using Guid(4d31c606e66ed524fa2629898158b626) Importer(815301076,1909f56bfc062723c751e8b465ee728b)  -> (artifact id: 'e45a8fc10fac965f52ca45680df37d97') in 0.015738 seconds 
========================================================================
Received Import Request.
  Time since last request: 28.431823 seconds.
  path: Assets/Settings/HDRPDefaultResources/FoliageDiffusionProfile.asset
  artifactKey: Guid(879ffae44eefa4412bb327928f1a96dd) Importer(815301076,1909f56bfc062723c751e8b465ee728b)
Start importing Assets/Settings/HDRPDefaultResources/FoliageDiffusionProfile.asset using Guid(879ffae44eefa4412bb327928f1a96dd) Importer(815301076,1909f56bfc062723c751e8b465ee728b)  -> (artifact id: '1e050a54e9b3dc4d6217969a54787b1c') in 0.019261 seconds 
========================================================================
Received Import Request.
  Time since last request: 89.537236 seconds.
  path: Assets/Settings/HDRPDefaultResources
  artifactKey: Guid(181cd982040374fac84aed5329ef5583) Importer(815301076,1909f56bfc062723c751e8b465ee728b)
Start importing Assets/Settings/HDRPDefaultResources using Guid(181cd982040374fac84aed5329ef5583) Importer(815301076,1909f56bfc062723c751e8b465ee728b)  -> (artifact id: 'e9b247f342a951b064675dbf74fe2ffe') in 0.016832 seconds 
========================================================================
Received Import Request.
  Time since last request: 38.042622 seconds.
  path: Assets/Settings/HDRPDefaultResources/HDRenderPipelineAsset.asset
  artifactKey: Guid(b9f3086da92434da0bc1518f19f0ce86) Importer(815301076,1909f56bfc062723c751e8b465ee728b)
Start importing Assets/Settings/HDRPDefaultResources/HDRenderPipelineAsset.asset using Guid(b9f3086da92434da0bc1518f19f0ce86) Importer(815301076,1909f56bfc062723c751e8b465ee728b)  -> (artifact id: '92d4f6f6ef652fcea5d84357f343d204') in 0.015864 seconds 
========================================================================
Received Import Request.
  Time since last request: 122.278694 seconds.
  path: Assets/Settings/HDRP High Fidelity.asset
  artifactKey: Guid(36dd385e759c96147b6463dcd1149c11) Importer(815301076,1909f56bfc062723c751e8b465ee728b)
Start importing Assets/Settings/HDRP High Fidelity.asset using Guid(36dd385e759c96147b6463dcd1149c11) Importer(815301076,1909f56bfc062723c751e8b465ee728b)  -> (artifact id: '652489b924a8920882594443a7a4a47e') in 0.017617 seconds 
========================================================================
Received Import Request.
  Time since last request: 4.872127 seconds.
  path: Assets/Settings/SkyandFogSettingsProfile.asset
  artifactKey: Guid(8ba92e2dd7f884a0f88b98fa2d235fe7) Importer(815301076,1909f56bfc062723c751e8b465ee728b)
Start importing Assets/Settings/SkyandFogSettingsProfile.asset using Guid(8ba92e2dd7f884a0f88b98fa2d235fe7) Importer(815301076,1909f56bfc062723c751e8b465ee728b)  -> (artifact id: '0ecf5a3852738a2b89ef1439cd5b119b') in 0.021134 seconds 
========================================================================
Received Import Request.
  Time since last request: 0.776801 seconds.
  path: Assets/Settings/HDRP Performant.asset
  artifactKey: Guid(168a2336534e4e043b2a210b6f8d379a) Importer(815301076,1909f56bfc062723c751e8b465ee728b)
Start importing Assets/Settings/HDRP Performant.asset using Guid(168a2336534e4e043b2a210b6f8d379a) Importer(815301076,1909f56bfc062723c751e8b465ee728b)  -> (artifact id: '4425d04dad9349ffce9923ace4f6edef') in 0.014769 seconds 
========================================================================
Received Import Request.
  Time since last request: 39.195962 seconds.
  path: Assets/Settings/HDRPDefaultResources/HDRenderPipelineGlobalSettings.asset
  artifactKey: Guid(ac0316ca287ba459492b669ff1317a6f) Importer(815301076,1909f56bfc062723c751e8b465ee728b)
Start importing Assets/Settings/HDRPDefaultResources/HDRenderPipelineGlobalSettings.asset using Guid(ac0316ca287ba459492b669ff1317a6f) Importer(815301076,1909f56bfc062723c751e8b465ee728b)  -> (artifact id: '4412f70be78ea388eb5c05860f260415') in 0.015187 seconds 
========================================================================
Received Import Request.
  Time since last request: 166.573872 seconds.
  path: Assets/Material/test.asset
  artifactKey: Guid(4d31c606e66ed524fa2629898158b626) Importer(815301076,1909f56bfc062723c751e8b465ee728b)
Start importing Assets/Material/test.asset using Guid(4d31c606e66ed524fa2629898158b626) Importer(815301076,1909f56bfc062723c751e8b465ee728b)  -> (artifact id: '0ab37923a5094b1adcb3901a92f20b3d') in 0.003478 seconds 
========================================================================
Received Import Request.
  Time since last request: 1489.573907 seconds.
  path: Assets/Material/test.asset
  artifactKey: Guid(4d31c606e66ed524fa2629898158b626) Importer(815301076,1909f56bfc062723c751e8b465ee728b)
Start importing Assets/Material/test.asset using Guid(4d31c606e66ed524fa2629898158b626) Importer(815301076,1909f56bfc062723c751e8b465ee728b)  -> (artifact id: 'f18fb56bdf699ed373a7a854160bb1f7') in 0.005242 seconds 
========================================================================
Received Import Request.
  Time since last request: 106.391756 seconds.
  path: Assets/Material/test.asset
  artifactKey: Guid(4d31c606e66ed524fa2629898158b626) Importer(815301076,1909f56bfc062723c751e8b465ee728b)
Start importing Assets/Material/test.asset using Guid(4d31c606e66ed524fa2629898158b626) Importer(815301076,1909f56bfc062723c751e8b465ee728b)  -> (artifact id: 'bbdac086bb2d070981f5a7ece207fc3b') in 0.003647 seconds 
========================================================================
Received Import Request.
  Time since last request: 40.340696 seconds.
  path: Assets/Material/test.asset
  artifactKey: Guid(4d31c606e66ed524fa2629898158b626) Importer(815301076,1909f56bfc062723c751e8b465ee728b)
Start importing Assets/Material/test.asset using Guid(4d31c606e66ed524fa2629898158b626) Importer(815301076,1909f56bfc062723c751e8b465ee728b)  -> (artifact id: '7699245047b41c3fc7da38aecb668a54') in 0.003645 seconds 
========================================================================
Received Import Request.
  Time since last request: 8.346813 seconds.
  path: Assets/Material/test.asset
  artifactKey: Guid(4d31c606e66ed524fa2629898158b626) Importer(815301076,1909f56bfc062723c751e8b465ee728b)
Start importing Assets/Material/test.asset using Guid(4d31c606e66ed524fa2629898158b626) Importer(815301076,1909f56bfc062723c751e8b465ee728b)  -> (artifact id: '6c8ebbb1cbffe10f961e9a27e4b7a8d8') in 0.003172 seconds 
========================================================================
Received Import Request.
  Time since last request: 1013.684598 seconds.
  path: Assets/Material/test.asset
  artifactKey: Guid(4d31c606e66ed524fa2629898158b626) Importer(815301076,1909f56bfc062723c751e8b465ee728b)
Start importing Assets/Material/test.asset using Guid(4d31c606e66ed524fa2629898158b626) Importer(815301076,1909f56bfc062723c751e8b465ee728b)  -> (artifact id: 'bc81d0b7a81f892306c27d3016d9ec25') in 0.004495 seconds 
