Using pre-set license
Built from '2021.3/staging' branch; Version is '2021.3.21f1 (1b156197d683) revision 1774945'; Using compiler version '192829333'; Build Type 'Release'
OS: 'Windows 10  (10.0.19045) 64bit Professional' Language: 'ru' Physical Memory: 16275 MB
BatchMode: 1, IsHumanControllingUs: 0, StartBugReporterOnCrash: 0, Is64bit: 1, IsPro: 1

COMMAND LINE ARGUMENTS:
E:\Programms\2021.3.21f1\Editor\Unity.exe
-adb2
-batchMode
-noUpm
-name
AssetImportWorker0
-projectPath
E:/Unity_Projects/Repository-Game_BrackeysGameJam2023.2/Game_BrackeysGameJam2023.2
-logFile
Logs/AssetImportWorker0.log
-srvPort
54367
Successfully changed project path to: E:/Unity_Projects/Repository-Game_BrackeysGameJam2023.2/Game_BrackeysGameJam2023.2
E:/Unity_Projects/Repository-Game_BrackeysGameJam2023.2/Game_BrackeysGameJam2023.2
[UnityMemory] Configuration Parameters - Can be set up in boot.config
    "memorysetup-bucket-allocator-granularity=16"
    "memorysetup-bucket-allocator-bucket-count=8"
    "memorysetup-bucket-allocator-block-size=33554432"
    "memorysetup-bucket-allocator-block-count=8"
    "memorysetup-main-allocator-block-size=16777216"
    "memorysetup-thread-allocator-block-size=16777216"
    "memorysetup-gfx-main-allocator-block-size=16777216"
    "memorysetup-gfx-thread-allocator-block-size=16777216"
    "memorysetup-cache-allocator-block-size=4194304"
    "memorysetup-typetree-allocator-block-size=2097152"
    "memorysetup-profiler-bucket-allocator-granularity=16"
    "memorysetup-profiler-bucket-allocator-bucket-count=8"
    "memorysetup-profiler-bucket-allocator-block-size=33554432"
    "memorysetup-profiler-bucket-allocator-block-count=8"
    "memorysetup-profiler-allocator-block-size=16777216"
    "memorysetup-profiler-editor-allocator-block-size=1048576"
    "memorysetup-temp-allocator-size-main=16777216"
    "memorysetup-job-temp-allocator-block-size=2097152"
    "memorysetup-job-temp-allocator-block-size-background=1048576"
    "memorysetup-job-temp-allocator-reduction-small-platforms=262144"
    "memorysetup-temp-allocator-size-background-worker=32768"
    "memorysetup-temp-allocator-size-job-worker=262144"
    "memorysetup-temp-allocator-size-preload-manager=33554432"
    "memorysetup-temp-allocator-size-nav-mesh-worker=65536"
    "memorysetup-temp-allocator-size-audio-worker=65536"
    "memorysetup-temp-allocator-size-cloud-worker=32768"
    "memorysetup-temp-allocator-size-gi-baking-worker=262144"
    "memorysetup-temp-allocator-size-gfx=262144"
Player connection [24144] Host "[IP] 192.168.1.48 [Port] 0 [Flags] 2 [Guid] 1924849768 [EditorId] 1924849768 [Version] 1048832 [Id] WindowsEditor(7,DESKTOP-D0KS969) [Debug] 1 [PackageName] WindowsEditor [ProjectName] Editor" joined multi-casting on [225.0.0.222:54997]...

Player connection [24144] Host "[IP] 192.168.1.48 [Port] 0 [Flags] 2 [Guid] 1924849768 [EditorId] 1924849768 [Version] 1048832 [Id] WindowsEditor(7,DESKTOP-D0KS969) [Debug] 1 [PackageName] WindowsEditor [ProjectName] Editor" joined alternative multi-casting on [225.0.0.222:34997]...

Refreshing native plugins compatible for Editor in 235.95 ms, found 3 plugins.
Preloading 0 native plugins for Editor in 0.00 ms.
Initialize engine version: 2021.3.21f1 (1b156197d683)
[Subsystems] Discovering subsystems at path E:/Programms/2021.3.21f1/Editor/Data/Resources/UnitySubsystems
[Subsystems] Discovering subsystems at path E:/Unity_Projects/Repository-Game_BrackeysGameJam2023.2/Game_BrackeysGameJam2023.2/Assets
GfxDevice: creating device client; threaded=0; jobified=0
Direct3D:
    Version:  Direct3D 11.0 [level 11.0]
    Renderer: Intel(R) HD Graphics 4000 (ID=0x166)
    Vendor:   Intel
    VRAM:     128 MB
    Driver:   10.18.10.5161
Initialize mono
Mono path[0] = 'E:/Programms/2021.3.21f1/Editor/Data/Managed'
Mono path[1] = 'E:/Programms/2021.3.21f1/Editor/Data/MonoBleedingEdge/lib/mono/unityjit-win32'
Mono config path = 'E:/Programms/2021.3.21f1/Editor/Data/MonoBleedingEdge/etc'
Using monoOptions --debugger-agent=transport=dt_socket,embedding=1,server=y,suspend=n,address=127.0.0.1:56708
Begin MonoManager ReloadAssembly
Registering precompiled unity dll's ...
Register platform support module: E:/Programms/2021.3.21f1/Editor/Data/PlaybackEngines/WebGLSupport/UnityEditor.WebGL.Extensions.dll
Register platform support module: E:/Programms/2021.3.21f1/Editor/Data/PlaybackEngines/MacStandaloneSupport/UnityEditor.OSXStandalone.Extensions.dll
Register platform support module: E:/Programms/2021.3.21f1/Editor/Data/PlaybackEngines/AndroidPlayer/UnityEditor.Android.Extensions.dll
Register platform support module: E:/Programms/2021.3.21f1/Editor/Data/PlaybackEngines/iOSSupport/UnityEditor.iOS.Extensions.dll
Register platform support module: E:/Programms/2021.3.21f1/Editor/Data/PlaybackEngines/WindowsStandaloneSupport/UnityEditor.WindowsStandalone.Extensions.dll
Registered in 0.013266 seconds.
Native extension for WindowsStandalone target not found
[usbmuxd] Start listen thread
[usbmuxd] Listen thread started
Native extension for iOS target not found
Native extension for Android target not found
Android Extension - Scanning For ADB Devices 383 ms
Native extension for OSXStandalone target not found
Native extension for WebGL target not found
Refreshing native plugins compatible for Editor in 193.59 ms, found 3 plugins.
Preloading 0 native plugins for Editor in 0.00 ms.
Mono: successfully reloaded assembly
- Completed reload, in  1.748 seconds
Domain Reload Profiling:
	ReloadAssembly (1749ms)
		BeginReloadAssembly (129ms)
			ExecutionOrderSort (0ms)
			DisableScriptedObjects (0ms)
			BackupInstance (0ms)
			ReleaseScriptingObjects (0ms)
			CreateAndSetChildDomain (1ms)
		EndReloadAssembly (1370ms)
			LoadAssemblies (128ms)
			RebuildTransferFunctionScriptingTraits (0ms)
			SetupTypeCache (242ms)
			ReleaseScriptCaches (0ms)
			RebuildScriptCaches (54ms)
			SetupLoadedEditorAssemblies (924ms)
				LogAssemblyErrors (0ms)
				InitializePlatformSupportModulesInManaged (518ms)
				SetLoadedEditorAssemblies (0ms)
				RefreshPlugins (194ms)
				BeforeProcessingInitializeOnLoad (2ms)
				ProcessInitializeOnLoadAttributes (144ms)
				ProcessInitializeOnLoadMethodAttributes (65ms)
				AfterProcessingInitializeOnLoad (0ms)
				EditorAssembliesLoaded (0ms)
			ExecutionOrderSort2 (0ms)
			AwakeInstancesAfterBackupRestoration (0ms)
Platform modules already initialized, skipping
Registering precompiled user dll's ...
Registered in 0.007828 seconds.
Begin MonoManager ReloadAssembly
Symbol file LoadedFromMemory doesn't match image E:\Unity_Projects\Repository-Game_BrackeysGameJam2023.2\Game_BrackeysGameJam2023.2\Library\PackageCache\com.unity.visualscripting@1.8.0\Editor\VisualScripting.Core\Dependencies\YamlDotNet\Unity.VisualScripting.YamlDotNet.dll
Symbol file LoadedFromMemory doesn't match image E:\Unity_Projects\Repository-Game_BrackeysGameJam2023.2\Game_BrackeysGameJam2023.2\Library\PackageCache\com.unity.visualscripting@1.8.0\Editor\VisualScripting.Core\Dependencies\DotNetZip\Unity.VisualScripting.IonicZip.dll
Native extension for WindowsStandalone target not found
Native extension for iOS target not found
Native extension for Android target not found
Native extension for OSXStandalone target not found
Native extension for WebGL target not found
Refreshing native plugins compatible for Editor in 244.79 ms, found 3 plugins.
Preloading 0 native plugins for Editor in 0.00 ms.
Mono: successfully reloaded assembly
- Completed reload, in  2.327 seconds
Domain Reload Profiling:
	ReloadAssembly (2328ms)
		BeginReloadAssembly (165ms)
			ExecutionOrderSort (0ms)
			DisableScriptedObjects (13ms)
			BackupInstance (0ms)
			ReleaseScriptingObjects (0ms)
			CreateAndSetChildDomain (26ms)
		EndReloadAssembly (1988ms)
			LoadAssemblies (132ms)
			RebuildTransferFunctionScriptingTraits (0ms)
			SetupTypeCache (570ms)
			ReleaseScriptCaches (2ms)
			RebuildScriptCaches (147ms)
			SetupLoadedEditorAssemblies (1072ms)
				LogAssemblyErrors (0ms)
				InitializePlatformSupportModulesInManaged (39ms)
				SetLoadedEditorAssemblies (0ms)
				RefreshPlugins (245ms)
				BeforeProcessingInitializeOnLoad (198ms)
				ProcessInitializeOnLoadAttributes (535ms)
				ProcessInitializeOnLoadMethodAttributes (48ms)
				AfterProcessingInitializeOnLoad (7ms)
				EditorAssembliesLoaded (0ms)
			ExecutionOrderSort2 (0ms)
			AwakeInstancesAfterBackupRestoration (10ms)
Platform modules already initialized, skipping
========================================================================
Worker process is ready to serve import requests
Launched and connected shader compiler UnityShaderCompiler.exe after 0.05 seconds
D3D shader create error for vertex shader [0x80070057]
D3D shader create error for pixel shader [0x80070057]
D3D shader create error for vertex shader [0x80070057]
D3D shader create error for domain shader [0x80070057]
D3D shader create error for vertex shader [0x80070057]
D3D shader create error for vertex shader [0x80070057]
D3D shader create error for domain shader [0x80070057]
Refreshing native plugins compatible for Editor in 2.02 ms, found 3 plugins.
Preloading 0 native plugins for Editor in 0.00 ms.
Unloading 5936 Unused Serialized files (Serialized files now loaded: 0)
Unloading 35 unused Assets / (1.6 MB). Loaded Objects now: 6404.
Memory consumption went from 275.5 MB to 273.9 MB.
Total: 9.544300 ms (FindLiveObjects: 1.171000 ms CreateObjectMapping: 0.957700 ms MarkObjects: 6.633600 ms  DeleteObjects: 0.779300 ms)

AssetImportParameters requested are different than current active one (requested -> active):
  custom:video-decoder-ogg-theora: a1e56fd34408186e4bbccfd4996cb3dc -> 
  custom:container-muxer-webm: aa71ff27fc2769a1b78a27578f13a17b -> 
  custom:container-demuxer-webm: 4f35f7cbe854078d1ac9338744f61a02 -> 
  custom:video-encoder-webm-vp8: eb34c28f22e8b96e1ab97ce403110664 -> 
  custom:audio-encoder-webm-vorbis: bf7c407c2cedff20999df2af8eb42d56 -> 
  custom:framework-win-MediaFoundation: 216162199b28c13a410421893ffa2e32 -> 
  custom:container-demuxer-ogg: 62fdf1f143b41e24485cea50d1cbac27 -> 
  custom:video-decoder-webm-vp8: 9c59270c3fd7afecdb556c50c9e8de78 -> 
  custom:audio-decoder-ogg-vorbis: bf7c407c2cedff20999df2af8eb42d56 -> 
========================================================================
Received Import Request.
  Time since last request: 211624.702048 seconds.
  path: Assets/Settings/HDRPDefaultResources/SkinDiffusionProfile.asset
  artifactKey: Guid(fba6a3e195d987747810c80a34a1f25a) Importer(815301076,1909f56bfc062723c751e8b465ee728b)
Start importing Assets/Settings/HDRPDefaultResources/SkinDiffusionProfile.asset using Guid(fba6a3e195d987747810c80a34a1f25a) Importer(815301076,1909f56bfc062723c751e8b465ee728b)  -> (artifact id: '576f914f62b5803aafcc80a2d4b928e6') in 0.091159 seconds 
========================================================================
Received Import Request.
  Time since last request: 0.000088 seconds.
  path: Assets/Settings/HDRPDefaultResources/HDRenderPipelineGlobalSettings.asset
  artifactKey: Guid(bbc51179cd4d4864f8ba28895e17cb63) Importer(815301076,1909f56bfc062723c751e8b465ee728b)
Start importing Assets/Settings/HDRPDefaultResources/HDRenderPipelineGlobalSettings.asset using Guid(bbc51179cd4d4864f8ba28895e17cb63) Importer(815301076,1909f56bfc062723c751e8b465ee728b)  -> (artifact id: '627b1797c73e12875d192f5f64418d25') in 0.028586 seconds 
========================================================================
Received Import Request.
  Time since last request: 0.000052 seconds.
  path: Assets/Settings/HDRPDefaultResources/DefaultLookDevProfile.asset
  artifactKey: Guid(ace44bacc2c94ca469bef2cd40d67724) Importer(815301076,1909f56bfc062723c751e8b465ee728b)
Start importing Assets/Settings/HDRPDefaultResources/DefaultLookDevProfile.asset using Guid(ace44bacc2c94ca469bef2cd40d67724) Importer(815301076,1909f56bfc062723c751e8b465ee728b)  -> (artifact id: '9ca89f58e09a3a7808119116a77aabe1') in 0.031482 seconds 
========================================================================
Received Import Request.
  Time since last request: 0.000043 seconds.
  path: Assets/Settings/HDRPDefaultResources/FoliageDiffusionProfile.asset
  artifactKey: Guid(2cd9df12a4126554185c48bf7880578a) Importer(815301076,1909f56bfc062723c751e8b465ee728b)
Start importing Assets/Settings/HDRPDefaultResources/FoliageDiffusionProfile.asset using Guid(2cd9df12a4126554185c48bf7880578a) Importer(815301076,1909f56bfc062723c751e8b465ee728b)  -> (artifact id: '456626c5d65cecebee4441fca73a3102') in 0.031381 seconds 
========================================================================
Received Import Request.
  Time since last request: 0.000047 seconds.
  path: Assets/Settings/HDRPDefaultResources/DefaultSettingsVolumeProfile.asset
  artifactKey: Guid(5697207f76d78234bba37aff71a213ee) Importer(815301076,1909f56bfc062723c751e8b465ee728b)
Start importing Assets/Settings/HDRPDefaultResources/DefaultSettingsVolumeProfile.asset using Guid(5697207f76d78234bba37aff71a213ee) Importer(815301076,1909f56bfc062723c751e8b465ee728b)  -> (artifact id: '7e45ccdb87b4f55b81ea52c904b1b89e') in 0.027568 seconds 
========================================================================
Received Import Request.
  Time since last request: 0.000042 seconds.
  path: Assets/Settings/HDRPDefaultResources/HDRenderPipelineAsset.asset
  artifactKey: Guid(08181d8bc5c5a0640ba10410c9ce6d05) Importer(815301076,1909f56bfc062723c751e8b465ee728b)
Start importing Assets/Settings/HDRPDefaultResources/HDRenderPipelineAsset.asset using Guid(08181d8bc5c5a0640ba10410c9ce6d05) Importer(815301076,1909f56bfc062723c751e8b465ee728b)  -> (artifact id: '81714dd17499995b2fbebcce7284757d') in 0.041487 seconds 
========================================================================
Received Prepare
Registering precompiled user dll's ...
Registered in 0.006787 seconds.
Begin MonoManager ReloadAssembly
Symbol file LoadedFromMemory doesn't match image E:\Unity_Projects\Repository-Game_BrackeysGameJam2023.2\Game_BrackeysGameJam2023.2\Library\PackageCache\com.unity.visualscripting@1.8.0\Editor\VisualScripting.Core\Dependencies\YamlDotNet\Unity.VisualScripting.YamlDotNet.dll
Symbol file LoadedFromMemory doesn't match image E:\Unity_Projects\Repository-Game_BrackeysGameJam2023.2\Game_BrackeysGameJam2023.2\Library\PackageCache\com.unity.visualscripting@1.8.0\Editor\VisualScripting.Core\Dependencies\DotNetZip\Unity.VisualScripting.IonicZip.dll
Native extension for WindowsStandalone target not found
Native extension for iOS target not found
Native extension for Android target not found
Native extension for OSXStandalone target not found
Native extension for WebGL target not found
Refreshing native plugins compatible for Editor in 1.30 ms, found 3 plugins.
Preloading 0 native plugins for Editor in 0.00 ms.
Mono: successfully reloaded assembly
- Completed reload, in  2.036 seconds
Domain Reload Profiling:
	ReloadAssembly (2037ms)
		BeginReloadAssembly (244ms)
			ExecutionOrderSort (0ms)
			DisableScriptedObjects (9ms)
			BackupInstance (0ms)
			ReleaseScriptingObjects (0ms)
			CreateAndSetChildDomain (67ms)
		EndReloadAssembly (1650ms)
			LoadAssemblies (153ms)
			RebuildTransferFunctionScriptingTraits (0ms)
			SetupTypeCache (557ms)
			ReleaseScriptCaches (3ms)
			RebuildScriptCaches (114ms)
			SetupLoadedEditorAssemblies (717ms)
				LogAssemblyErrors (0ms)
				InitializePlatformSupportModulesInManaged (42ms)
				SetLoadedEditorAssemblies (1ms)
				RefreshPlugins (1ms)
				BeforeProcessingInitializeOnLoad (151ms)
				ProcessInitializeOnLoadAttributes (406ms)
				ProcessInitializeOnLoadMethodAttributes (111ms)
				AfterProcessingInitializeOnLoad (5ms)
				EditorAssembliesLoaded (0ms)
			ExecutionOrderSort2 (0ms)
			AwakeInstancesAfterBackupRestoration (9ms)
Platform modules already initialized, skipping
D3D shader create error for vertex shader [0x80070057]
D3D shader create error for pixel shader [0x80070057]
D3D shader create error for vertex shader [0x80070057]
D3D shader create error for domain shader [0x80070057]
D3D shader create error for vertex shader [0x80070057]
D3D shader create error for vertex shader [0x80070057]
D3D shader create error for domain shader [0x80070057]
Refreshing native plugins compatible for Editor in 4.95 ms, found 3 plugins.
Preloading 0 native plugins for Editor in 0.00 ms.
Unloading 5609 Unused Serialized files (Serialized files now loaded: 0)
Unloading 74 unused Assets / (3.8 MB). Loaded Objects now: 6384.
Memory consumption went from 258.2 MB to 254.4 MB.
Total: 46.370700 ms (FindLiveObjects: 1.054100 ms CreateObjectMapping: 35.476600 ms MarkObjects: 6.738100 ms  DeleteObjects: 3.099300 ms)

AssetImportParameters requested are different than current active one (requested -> active):
  custom:video-decoder-ogg-theora: a1e56fd34408186e4bbccfd4996cb3dc -> 
  custom:container-muxer-webm: aa71ff27fc2769a1b78a27578f13a17b -> 
  custom:container-demuxer-webm: 4f35f7cbe854078d1ac9338744f61a02 -> 
  custom:video-encoder-webm-vp8: eb34c28f22e8b96e1ab97ce403110664 -> 
  custom:audio-encoder-webm-vorbis: bf7c407c2cedff20999df2af8eb42d56 -> 
  custom:framework-win-MediaFoundation: 216162199b28c13a410421893ffa2e32 -> 
  custom:container-demuxer-ogg: 62fdf1f143b41e24485cea50d1cbac27 -> 
  custom:video-decoder-webm-vp8: 9c59270c3fd7afecdb556c50c9e8de78 -> 
  custom:audio-decoder-ogg-vorbis: bf7c407c2cedff20999df2af8eb42d56 -> 
========================================================================
Received Import Request.
  Time since last request: 104.527642 seconds.
  path: Assets/IgniteCoders/Simple Water Shader/Resources/Water_mat_01.mat
  artifactKey: Guid(141d9d6ca43b6c843965491604c6deff) Importer(815301076,1909f56bfc062723c751e8b465ee728b)
Start importing Assets/IgniteCoders/Simple Water Shader/Resources/Water_mat_01.mat using Guid(141d9d6ca43b6c843965491604c6deff) Importer(815301076,1909f56bfc062723c751e8b465ee728b) Launched and connected shader compiler UnityShaderCompiler.exe after 0.20 seconds
Launched and connected shader compiler UnityShaderCompiler.exe after 0.24 seconds
Launched and connected shader compiler UnityShaderCompiler.exe after 0.29 seconds
Launched and connected shader compiler UnityShaderCompiler.exe after 0.37 seconds
Launched and connected shader compiler UnityShaderCompiler.exe after 0.41 seconds
Launched and connected shader compiler UnityShaderCompiler.exe after 0.43 seconds
Launched and connected shader compiler UnityShaderCompiler.exe after 0.70 seconds
 -> (artifact id: 'c0dee3f34ea14f94fdd0a2fd59dd7203') in 85.970452 seconds 
========================================================================
Received Prepare
Registering precompiled user dll's ...
Registered in 0.006867 seconds.
Begin MonoManager ReloadAssembly
Symbol file LoadedFromMemory doesn't match image E:\Unity_Projects\Repository-Game_BrackeysGameJam2023.2\Game_BrackeysGameJam2023.2\Library\PackageCache\com.unity.visualscripting@1.8.0\Editor\VisualScripting.Core\Dependencies\YamlDotNet\Unity.VisualScripting.YamlDotNet.dll
Symbol file LoadedFromMemory doesn't match image E:\Unity_Projects\Repository-Game_BrackeysGameJam2023.2\Game_BrackeysGameJam2023.2\Library\PackageCache\com.unity.visualscripting@1.8.0\Editor\VisualScripting.Core\Dependencies\DotNetZip\Unity.VisualScripting.IonicZip.dll
Native extension for WindowsStandalone target not found
Native extension for iOS target not found
Native extension for Android target not found
Native extension for OSXStandalone target not found
Native extension for WebGL target not found
Refreshing native plugins compatible for Editor in 2.10 ms, found 3 plugins.
Preloading 0 native plugins for Editor in 0.00 ms.
Mono: successfully reloaded assembly
- Completed reload, in  3.572 seconds
Domain Reload Profiling:
	ReloadAssembly (3573ms)
		BeginReloadAssembly (274ms)
			ExecutionOrderSort (0ms)
			DisableScriptedObjects (44ms)
			BackupInstance (0ms)
			ReleaseScriptingObjects (0ms)
			CreateAndSetChildDomain (76ms)
		EndReloadAssembly (3165ms)
			LoadAssemblies (139ms)
			RebuildTransferFunctionScriptingTraits (0ms)
			SetupTypeCache (812ms)
			ReleaseScriptCaches (3ms)
			RebuildScriptCaches (105ms)
			SetupLoadedEditorAssemblies (660ms)
				LogAssemblyErrors (0ms)
				InitializePlatformSupportModulesInManaged (61ms)
				SetLoadedEditorAssemblies (1ms)
				RefreshPlugins (2ms)
				BeforeProcessingInitializeOnLoad (153ms)
				ProcessInitializeOnLoadAttributes (393ms)
				ProcessInitializeOnLoadMethodAttributes (44ms)
				AfterProcessingInitializeOnLoad (6ms)
				EditorAssembliesLoaded (0ms)
			ExecutionOrderSort2 (0ms)
			AwakeInstancesAfterBackupRestoration (55ms)
Platform modules already initialized, skipping
D3D shader create error for vertex shader [0x80070057]
D3D shader create error for pixel shader [0x80070057]
D3D shader create error for vertex shader [0x80070057]
D3D shader create error for domain shader [0x80070057]
D3D shader create error for vertex shader [0x80070057]
D3D shader create error for vertex shader [0x80070057]
D3D shader create error for domain shader [0x80070057]
Refreshing native plugins compatible for Editor in 4.52 ms, found 3 plugins.
Preloading 0 native plugins for Editor in 0.00 ms.
Unloading 5616 Unused Serialized files (Serialized files now loaded: 0)
Unloading 46 unused Assets / (3.8 MB). Loaded Objects now: 6535.
Memory consumption went from 265.3 MB to 261.5 MB.
Total: 12.449500 ms (FindLiveObjects: 1.228600 ms CreateObjectMapping: 0.864600 ms MarkObjects: 8.687700 ms  DeleteObjects: 1.664200 ms)

AssetImportParameters requested are different than current active one (requested -> active):
  custom:video-decoder-ogg-theora: a1e56fd34408186e4bbccfd4996cb3dc -> 
  custom:container-muxer-webm: aa71ff27fc2769a1b78a27578f13a17b -> 
  custom:container-demuxer-webm: 4f35f7cbe854078d1ac9338744f61a02 -> 
  custom:video-encoder-webm-vp8: eb34c28f22e8b96e1ab97ce403110664 -> 
  custom:audio-encoder-webm-vorbis: bf7c407c2cedff20999df2af8eb42d56 -> 
  custom:framework-win-MediaFoundation: 216162199b28c13a410421893ffa2e32 -> 
  custom:container-demuxer-ogg: 62fdf1f143b41e24485cea50d1cbac27 -> 
  custom:video-decoder-webm-vp8: 9c59270c3fd7afecdb556c50c9e8de78 -> 
  custom:audio-decoder-ogg-vorbis: bf7c407c2cedff20999df2af8eb42d56 -> 
========================================================================
Received Import Request.
  Time since last request: 6.540228 seconds.
  path: Assets/WaterSurfaceShader.shader
  artifactKey: Guid(4f667133888abec4b99316bb84f1cf2c) Importer(815301076,1909f56bfc062723c751e8b465ee728b)
Start importing Assets/WaterSurfaceShader.shader using Guid(4f667133888abec4b99316bb84f1cf2c) Importer(815301076,1909f56bfc062723c751e8b465ee728b)  -> (artifact id: '5827d4b09a7b8029ae3eaed5479d192e') in 0.049337 seconds 
========================================================================
Received Import Request.
  Time since last request: 0.000046 seconds.
  path: Assets/New Material.mat
  artifactKey: Guid(22f5cbd72a074f74f832e8bc74a0f8c7) Importer(815301076,1909f56bfc062723c751e8b465ee728b)
Start importing Assets/New Material.mat using Guid(22f5cbd72a074f74f832e8bc74a0f8c7) Importer(815301076,1909f56bfc062723c751e8b465ee728b)  -> (artifact id: '0bbdfc8446a97137123cd22cbb19bf69') in 2.728148 seconds 
========================================================================
Received Import Request.
  Time since last request: 84.225434 seconds.
  path: Assets/WaterSurfaceShader.shader
  artifactKey: Guid(4f667133888abec4b99316bb84f1cf2c) Importer(815301076,1909f56bfc062723c751e8b465ee728b)
Start importing Assets/WaterSurfaceShader.shader using Guid(4f667133888abec4b99316bb84f1cf2c) Importer(815301076,1909f56bfc062723c751e8b465ee728b)  -> (artifact id: '5f61688d3c577e9f8f18fd00b2198476') in 0.012523 seconds 
========================================================================
Received Import Request.
  Time since last request: 91.431113 seconds.
  path: Assets/WaterSurfaceShader.shader
  artifactKey: Guid(4f667133888abec4b99316bb84f1cf2c) Importer(815301076,1909f56bfc062723c751e8b465ee728b)
Start importing Assets/WaterSurfaceShader.shader using Guid(4f667133888abec4b99316bb84f1cf2c) Importer(815301076,1909f56bfc062723c751e8b465ee728b)  -> (artifact id: '85a1776dbc6d314e94d2d5a67e4f2694') in 0.007823 seconds 
========================================================================
Received Import Request.
  Time since last request: 31.207828 seconds.
  path: Assets/WaterSurfaceShader.shader
  artifactKey: Guid(4f667133888abec4b99316bb84f1cf2c) Importer(815301076,1909f56bfc062723c751e8b465ee728b)
Start importing Assets/WaterSurfaceShader.shader using Guid(4f667133888abec4b99316bb84f1cf2c) Importer(815301076,1909f56bfc062723c751e8b465ee728b)  -> (artifact id: '2887e50ce5b7ff7f42cc35b50082a0aa') in 0.017600 seconds 
========================================================================
Received Import Request.
  Time since last request: 9.733966 seconds.
  path: Assets/WaterSurfaceShader.shader
  artifactKey: Guid(4f667133888abec4b99316bb84f1cf2c) Importer(815301076,1909f56bfc062723c751e8b465ee728b)
Start importing Assets/WaterSurfaceShader.shader using Guid(4f667133888abec4b99316bb84f1cf2c) Importer(815301076,1909f56bfc062723c751e8b465ee728b)  -> (artifact id: '66309e4809c91943b441903e3b629e5c') in 0.008044 seconds 
========================================================================
Received Import Request.
  Time since last request: 238.947292 seconds.
  path: Assets/WaterSurfaceShader.shader
  artifactKey: Guid(4f667133888abec4b99316bb84f1cf2c) Importer(815301076,1909f56bfc062723c751e8b465ee728b)
Start importing Assets/WaterSurfaceShader.shader using Guid(4f667133888abec4b99316bb84f1cf2c) Importer(815301076,1909f56bfc062723c751e8b465ee728b)  -> (artifact id: '2a316b474d12a492aa3a9b8a61d91058') in 0.016994 seconds 
========================================================================
Received Import Request.
  Time since last request: 83.806329 seconds.
  path: Assets/WaterSurfaceShader.shader
  artifactKey: Guid(4f667133888abec4b99316bb84f1cf2c) Importer(815301076,1909f56bfc062723c751e8b465ee728b)
Start importing Assets/WaterSurfaceShader.shader using Guid(4f667133888abec4b99316bb84f1cf2c) Importer(815301076,1909f56bfc062723c751e8b465ee728b)  -> (artifact id: '7243a9bb469bbf7ab3a3ec9301b2d87c') in 0.014771 seconds 
========================================================================
Received Import Request.
  Time since last request: 22.466406 seconds.
  path: Assets/WaterSurfaceShader.shader
  artifactKey: Guid(4f667133888abec4b99316bb84f1cf2c) Importer(815301076,1909f56bfc062723c751e8b465ee728b)
Start importing Assets/WaterSurfaceShader.shader using Guid(4f667133888abec4b99316bb84f1cf2c) Importer(815301076,1909f56bfc062723c751e8b465ee728b)  -> (artifact id: '4c8efb1654616359828de39d03aeff5c') in 0.008335 seconds 
